<?xml version="1.0" encoding="UTF-8"?>
<!-- Generated by org.testng.reporters.JUnitXMLReporter -->
<testsuite ignored="0" hostname="DESKTOP-UB1L72H" failures="0" tests="0" time="0.009" errors="0" timestamp="2021-09-03T01:43:17 AST">
  <testcase classname="WebAutomationTask.ExtendFactory" name="@BeforeSuite setUp" time="0.03">
    <failure type="java.lang.NullPointerException">
      <![CDATA[java.lang.NullPointerException
at java.base/java.io.File.<init>(File.java:278)
at com.aventstack.extentreports.reporter.ExtentSparkReporter.<init>(ExtentSparkReporter.java:51)
at WebAutomationTask.ExtendFactory.setUp(ExtendFactory.java:19)
... Removed 19 stack frames]]>
    </failure>
  </testcase> <!-- @BeforeSuite setUp -->
</testsuite>
