<?xml version="1.0" encoding="UTF-8"?>
<testng-results ignored="0" total="4" passed="4" failed="0" skipped="0">
  <reporter-output>
  </reporter-output>
  <suite started-at="2021-09-03T03:14:58 AST" name="Suite" finished-at="2021-09-03T03:15:20 AST" duration-ms="22168">
    <groups>
    </groups>
    <test started-at="2021-09-03T03:14:58 AST" name="Test" finished-at="2021-09-03T03:15:20 AST" duration-ms="22168">
      <class name="WebAutomationTask.TextBox">
        <test-method signature="TestBoxTest()[pri:0, instance:WebAutomationTask.TextBox@759d26fb]" started-at="2021-09-03T03:15:10 AST" name="TestBoxTest" finished-at="2021-09-03T03:15:15 AST" duration-ms="5030" status="PASS">
          <reporter-output>
          </reporter-output>
        </test-method> <!-- TestBoxTest -->
      </class> <!-- WebAutomationTask.TextBox -->
      <class name="WebAutomationTask.IframeTask">
        <test-method signature="IframeTest()[pri:0, instance:WebAutomationTask.IframeTask@4bb33f74]" started-at="2021-09-03T03:15:05 AST" name="IframeTest" finished-at="2021-09-03T03:15:10 AST" duration-ms="5315" status="PASS">
          <reporter-output>
          </reporter-output>
        </test-method> <!-- IframeTest -->
      </class> <!-- WebAutomationTask.IframeTask -->
      <class name="WebAutomationTask.WindowAlert">
        <test-method signature="WindowAlertTest()[pri:0, instance:WebAutomationTask.WindowAlert@3c73951]" started-at="2021-09-03T03:15:15 AST" name="WindowAlertTest" finished-at="2021-09-03T03:15:20 AST" duration-ms="5251" status="PASS">
          <reporter-output>
          </reporter-output>
        </test-method> <!-- WindowAlertTest -->
      </class> <!-- WebAutomationTask.WindowAlert -->
      <class name="WebAutomationTask.Buttons">
        <test-method signature="ButtonsTest()[pri:0, instance:WebAutomationTask.Buttons@6d3a388c]" started-at="2021-09-03T03:14:58 AST" name="ButtonsTest" finished-at="2021-09-03T03:15:05 AST" duration-ms="6518" status="PASS">
          <reporter-output>
          </reporter-output>
        </test-method> <!-- ButtonsTest -->
      </class> <!-- WebAutomationTask.Buttons -->
    </test> <!-- Test -->
  </suite> <!-- Suite -->
</testng-results>
